<?xml version="1.0" encoding="UTF-8" ?>
<testsuite tests="23" failures="0" name="com.cucumber.runner.ExtentReportCartTest" time="150.725" errors="0" skipped="0">
  <properties>
[...]
</properties>
  <testcase classname="Scenario: User adds products in cart and goes to checkout" name="Given the user is in home page" time="0.001"/>
  <testcase classname="Scenario: User adds products in cart and goes to checkout" name="And searches for \&apos;shirt\&apos; in \&apos;women\&apos; section" time="0"/>
  <testcase classname="Scenario: User adds products in cart and goes to checkout" name="And selects the product \&apos;shirt\&apos;" time="0"/>
  <testcase classname="Scenario: User adds products in cart and goes to checkout" name="And adds to cart \&apos;2\&apos; products of size \&apos;10 UK\&apos;" time="0"/>
  <testcase classname="Scenario: User adds products in cart and goes to checkout" name="And searches for \&apos;scarf\&apos; in \&apos;women\&apos; section" time="0"/>
  <testcase classname="Scenario: User adds products in cart and goes to checkout" name="And selects the product \&apos;scarf\&apos;" time="0"/>
  <testcase classname="Scenario: User adds products in cart and goes to checkout" name="And adds to cart \&apos;2\&apos; products of size \&apos;ONE SIZE\&apos;" time="0"/>
  <testcase classname="Scenario: User adds products in cart and goes to checkout" name="When the user goes to cart" time="0"/>
  <testcase classname="Scenario: User adds products in cart and goes to checkout" name="Then the products should be correctly displayed" time="0"/>
  <testcase classname="Scenario: User adds products in cart and goes to checkout" name="And the totals should be correctly calculated" time="0"/>
  <testcase classname="Scenario: User adds products in cart and goes to checkout" name="Scenario: User adds products in cart and goes to checkout" time="1.553"/>
  <testcase classname="Scenario: Searching for a designer" name="Given the user is in home page" time="0"/>
  <testcase classname="Scenario: Searching for a designer" name="When searches for \&apos;GUCCI\&apos; in \&apos;women\&apos; section" time="0"/>
  <testcase classname="Scenario: Searching for a designer" name="Then all the products displayed should be from \&apos;GUCCI\&apos;" time="0"/>
  <testcase classname="Scenario: Searching for a designer" name="Scenario: Searching for a designer" time="0.559"/>
  <testcase classname="| 1059773 |" name="Given the user is in home page" time="0"/>
  <testcase classname="| 1059773 |" name="When searches for \&apos;1059773\&apos; in \&apos;women\&apos; section" time="0"/>
  <testcase classname="| 1059773 |" name="Then the displayed product code should be \&apos;1059773\&apos;" time="0"/>
  <testcase classname="| 1059773 |" name="| 1059773 |" time="0.587"/>
  <testcase classname="| 1048129 |" name="Given the user is in home page" time="0"/>
  <testcase classname="| 1048129 |" name="When searches for \&apos;1048129\&apos; in \&apos;women\&apos; section" time="0"/>
  <testcase classname="| 1048129 |" name="Then the displayed product code should be \&apos;1048129\&apos;" time="0"/>
  <testcase classname="| 1048129 |" name="| 1048129 |" time="0.581"/>
</testsuite>